<?xml version="1.0" encoding="UTF-8"?>
<testsuite xmlns:xsi="http://www.w3.org/2001/XMLSchema-instance" xsi:noNamespaceSchemaLocation="https://maven.apache.org/surefire/maven-surefire-plugin/xsd/surefire-test-report-3.0.xsd" version="3.0" name="com.msc.ms.users.MscMsUsersApplicationTests" time="19.078" tests="1" errors="0" skipped="0" failures="0">
  <properties>
[...]
</properties>
  <testcase name="contextLoads" classname="com.msc.ms.users.MscMsUsersApplicationTests" time="0.812">
    <system-out><![CDATA[12:09:27.989 [main] INFO org.springframework.test.context.support.AnnotationConfigContextLoaderUtils -- Could not detect default configuration classes for test class [com.msc.ms.users.MscMsUsersApplicationTests]: MscMsUsersApplicationTests does not declare any static, non-private, non-final, nested classes annotated with @Configuration.
12:09:28.217 [main] INFO org.springframework.boot.test.context.SpringBootTestContextBootstrapper -- Found @SpringBootConfiguration com.msc.ms.users.MscMsUsersApplication for test class com.msc.ms.users.MscMsUsersApplicationTests

  .   ____          _            __ _ _
 /\\ / ___'_ __ _ _(_)_ __  __ _ \ \ \ \
( ( )\___ | '_ | '_| | '_ \/ _` | \ \ \ \
 \\/  ___)| |_)| | | | | || (_| |  ) ) ) )
  '  |____| .__|_| |_|_| |_\__, | / / / /
 =========|_|==============|___/=/_/_/_/
 :: Spring Boot ::                (v3.2.3)

2024-05-23T12:09:29.139-06:00  INFO 8736 --- [msc-ms-users] [           main] c.m.ms.users.MscMsUsersApplicationTests  : Starting MscMsUsersApplicationTests using Java 21.0.2 with PID 8736 (started by ASUS in D:\Proyectos\MCS\back\msc-ms-users)
2024-05-23T12:09:29.142-06:00  INFO 8736 --- [msc-ms-users] [           main] c.m.ms.users.MscMsUsersApplicationTests  : No active profile set, falling back to 1 default profile: "default"
2024-05-23T12:09:31.836-06:00  INFO 8736 --- [msc-ms-users] [           main] .s.d.r.c.RepositoryConfigurationDelegate : Bootstrapping Spring Data JPA repositories in DEFAULT mode.
2024-05-23T12:09:32.002-06:00  INFO 8736 --- [msc-ms-users] [           main] .s.d.r.c.RepositoryConfigurationDelegate : Finished Spring Data repository scanning in 151 ms. Found 4 JPA repository interfaces.
2024-05-23T12:09:32.784-06:00  INFO 8736 --- [msc-ms-users] [           main] o.s.cloud.context.scope.GenericScope     : BeanFactory id=91a162bd-61bc-3a51-8e16-bd68d0c68dee
2024-05-23T12:09:34.088-06:00  INFO 8736 --- [msc-ms-users] [           main] o.hibernate.jpa.internal.util.LogHelper  : HHH000204: Processing PersistenceUnitInfo [name: default]
2024-05-23T12:09:34.243-06:00  INFO 8736 --- [msc-ms-users] [           main] org.hibernate.Version                    : HHH000412: Hibernate ORM core version 6.4.4.Final
2024-05-23T12:09:34.304-06:00  INFO 8736 --- [msc-ms-users] [           main] o.h.c.internal.RegionFactoryInitiator    : HHH000026: Second-level cache disabled
2024-05-23T12:09:34.869-06:00  INFO 8736 --- [msc-ms-users] [           main] o.s.o.j.p.SpringPersistenceUnitInfo      : No LoadTimeWeaver setup: ignoring JPA class transformer
2024-05-23T12:09:34.930-06:00  INFO 8736 --- [msc-ms-users] [           main] com.zaxxer.hikari.HikariDataSource       : HikariPool-1 - Starting...
2024-05-23T12:09:35.626-06:00  INFO 8736 --- [msc-ms-users] [           main] com.zaxxer.hikari.pool.HikariPool        : HikariPool-1 - Added connection com.mysql.cj.jdbc.ConnectionImpl@40c0437f
2024-05-23T12:09:35.631-06:00  INFO 8736 --- [msc-ms-users] [           main] com.zaxxer.hikari.HikariDataSource       : HikariPool-1 - Start completed.
2024-05-23T12:09:35.718-06:00  WARN 8736 --- [msc-ms-users] [           main] org.hibernate.orm.deprecation            : HHH90000025: MySQL8Dialect does not need to be specified explicitly using 'hibernate.dialect' (remove the property setting and it will be selected by default)
2024-05-23T12:09:35.721-06:00  WARN 8736 --- [msc-ms-users] [           main] org.hibernate.orm.deprecation            : HHH90000026: MySQL8Dialect has been deprecated; use org.hibernate.dialect.MySQLDialect instead
2024-05-23T12:09:37.569-06:00  INFO 8736 --- [msc-ms-users] [           main] o.h.e.t.j.p.i.JtaPlatformInitiator       : HHH000489: No JTA platform available (set 'hibernate.transaction.jta.platform' to enable JTA platform integration)
2024-05-23T12:09:37.705-06:00  INFO 8736 --- [msc-ms-users] [           main] j.LocalContainerEntityManagerFactoryBean : Initialized JPA EntityManagerFactory for persistence unit 'default'
2024-05-23T12:09:39.012-06:00  INFO 8736 --- [msc-ms-users] [           main] o.s.a.r.c.CachingConnectionFactory       : Attempting to connect to: [localhost:5672]
2024-05-23T12:09:39.253-06:00  INFO 8736 --- [msc-ms-users] [           main] o.s.a.r.c.CachingConnectionFactory       : Created new connection: rabbitConnectionFactory#b42d1c8:0/SimpleConnection@688e6d4e [delegate=amqp://VIFA@127.0.0.1:5672/, localPort=56848]
2024-05-23T12:09:39.686-06:00  INFO 8736 --- [msc-ms-users] [           main] c.m.m.u.c.QueueConfiguration             : Queue q.msc.users already exists
2024-05-23T12:09:39.689-06:00  INFO 8736 --- [msc-ms-users] [           main] c.m.m.u.c.QueueConfiguration             : Queue q.msc.tests already exists
2024-05-23T12:09:40.006-06:00  WARN 8736 --- [msc-ms-users] [           main] JpaBaseConfiguration$JpaWebConfiguration : spring.jpa.open-in-view is enabled by default. Therefore, database queries may be performed during view rendering. Explicitly configure spring.jpa.open-in-view to disable this warning
2024-05-23T12:09:42.935-06:00  INFO 8736 --- [msc-ms-users] [           main] o.s.b.a.e.web.EndpointLinksResolver      : Exposing 16 endpoint(s) beneath base path '/actuator'
2024-05-23T12:09:43.121-06:00  INFO 8736 --- [msc-ms-users] [           main] o.s.s.web.DefaultSecurityFilterChain     : Will secure any request with [org.springframework.security.web.session.DisableEncodeUrlFilter@2ef99072, org.springframework.security.web.context.request.async.WebAsyncManagerIntegrationFilter@224855fe, org.springframework.security.web.context.SecurityContextHolderFilter@5bb1c104, org.springframework.security.web.header.HeaderWriterFilter@2b3247f8, org.springframework.web.filter.CorsFilter@4c006046, org.springframework.security.web.authentication.logout.LogoutFilter@4cda8d3b, com.msc.ms.users.security.filter.JwtFilter@79dd79eb, org.springframework.security.web.savedrequest.RequestCacheAwareFilter@636e6791, org.springframework.security.web.servletapi.SecurityContextHolderAwareRequestFilter@f54cdc4, org.springframework.security.web.authentication.AnonymousAuthenticationFilter@4fad5e7, org.springframework.security.web.session.SessionManagementFilter@6c30efc4, org.springframework.security.web.access.ExceptionTranslationFilter@4c822e9b, org.springframework.security.web.access.intercept.AuthorizationFilter@524ba12b]
2024-05-23T12:09:44.356-06:00  INFO 8736 --- [msc-ms-users] [           main] DiscoveryClientOptionalArgsConfiguration : Eureka HTTP Client uses RestTemplate.
2024-05-23T12:09:44.599-06:00  INFO 8736 --- [msc-ms-users] [           main] o.s.c.n.eureka.InstanceInfoFactory       : Setting initial instance status as: STARTING
2024-05-23T12:09:44.918-06:00  INFO 8736 --- [msc-ms-users] [           main] com.netflix.discovery.DiscoveryClient    : Initializing Eureka in region us-east-1
2024-05-23T12:09:44.933-06:00  INFO 8736 --- [msc-ms-users] [           main] c.n.d.s.r.aws.ConfigClusterResolver      : Resolving eureka endpoints via configuration
2024-05-23T12:09:44.987-06:00  INFO 8736 --- [msc-ms-users] [           main] com.netflix.discovery.DiscoveryClient    : Disable delta property : false
2024-05-23T12:09:44.987-06:00  INFO 8736 --- [msc-ms-users] [           main] com.netflix.discovery.DiscoveryClient    : Single vip registry refresh property : null
2024-05-23T12:09:44.987-06:00  INFO 8736 --- [msc-ms-users] [           main] com.netflix.discovery.DiscoveryClient    : Force full registry fetch : false
2024-05-23T12:09:44.988-06:00  INFO 8736 --- [msc-ms-users] [           main] com.netflix.discovery.DiscoveryClient    : Application is null : false
2024-05-23T12:09:44.988-06:00  INFO 8736 --- [msc-ms-users] [           main] com.netflix.discovery.DiscoveryClient    : Registered Applications size is zero : true
2024-05-23T12:09:44.988-06:00  INFO 8736 --- [msc-ms-users] [           main] com.netflix.discovery.DiscoveryClient    : Application version is -1: true
2024-05-23T12:09:44.988-06:00  INFO 8736 --- [msc-ms-users] [           main] com.netflix.discovery.DiscoveryClient    : Getting all instance registry info from the eureka server
2024-05-23T12:09:45.598-06:00  INFO 8736 --- [msc-ms-users] [           main] com.netflix.discovery.DiscoveryClient    : The response status is 200
2024-05-23T12:09:45.608-06:00  INFO 8736 --- [msc-ms-users] [           main] com.netflix.discovery.DiscoveryClient    : Starting heartbeat executor: renew interval is: 30
2024-05-23T12:09:45.614-06:00  INFO 8736 --- [msc-ms-users] [           main] c.n.discovery.InstanceInfoReplicator     : InstanceInfoReplicator onDemand update allowed rate per min is 4
2024-05-23T12:09:45.631-06:00  INFO 8736 --- [msc-ms-users] [           main] com.netflix.discovery.DiscoveryClient    : Discovery Client initialized at timestamp 1716487785628 with initial instances count: 14
2024-05-23T12:09:45.649-06:00  INFO 8736 --- [msc-ms-users] [           main] o.s.c.n.e.s.EurekaServiceRegistry        : Registering application MSC-MS-USERS with eureka with status UP
2024-05-23T12:09:45.651-06:00  INFO 8736 --- [msc-ms-users] [           main] com.netflix.discovery.DiscoveryClient    : Saw local status change event StatusChangeEvent [timestamp=1716487785651, current=UP, previous=STARTING]
2024-05-23T12:09:45.656-06:00  INFO 8736 --- [msc-ms-users] [nfoReplicator-0] com.netflix.discovery.DiscoveryClient    : DiscoveryClient_MSC-MS-USERS/VILLAFAN:msc-ms-users:8182: registering service...
2024-05-23T12:09:45.783-06:00  INFO 8736 --- [msc-ms-users] [           main] c.m.ms.users.MscMsUsersApplicationTests  : Started MscMsUsersApplicationTests in 17.274 seconds (process running for 19.416)
2024-05-23T12:09:45.800-06:00  INFO 8736 --- [msc-ms-users] [nfoReplicator-0] com.netflix.discovery.DiscoveryClient    : DiscoveryClient_MSC-MS-USERS/VILLAFAN:msc-ms-users:8182 - registration status: 204
]]></system-out>
    <system-err><![CDATA[WARNING: A Java agent has been loaded dynamically (C:\Users\ASUS\.m2\repository\net\bytebuddy\byte-buddy-agent\1.14.12\byte-buddy-agent-1.14.12.jar)
WARNING: If a serviceability tool is in use, please run with -XX:+EnableDynamicAgentLoading to hide this warning
WARNING: If a serviceability tool is not in use, please run with -Djdk.instrument.traceUsage for more information
WARNING: Dynamic loading of agents will be disallowed by default in a future release
]]></system-err>
  </testcase>
</testsuite>