<?xml version="1.0" encoding="UTF-8"?>
<testsuite xmlns:xsi="http://www.w3.org/2001/XMLSchema-instance" xsi:noNamespaceSchemaLocation="https://maven.apache.org/surefire/maven-surefire-plugin/xsd/surefire-test-report-3.0.xsd" version="3.0" name="com.msc.ms.users.user.UserControllerTest" time="17.903" tests="3" errors="0" skipped="0" failures="0">
  <properties>
[...]
</properties>
  <testcase name="testValidations" classname="com.msc.ms.users.user.UserControllerTest" time="0.225">
    <system-out><![CDATA[06:07:23.655 INFO  o.s.t.c.s.AnnotationConfigContextLoaderUtils  - Could not detect default configuration classes for test class [com.msc.ms.users.user.UserControllerTest]: UserControllerTest does not declare any static, non-private, non-final, nested classes annotated with @Configuration.
06:07:23.665 INFO  o.s.b.t.c.SpringBootTestContextBootstrapper  - Found @SpringBootConfiguration com.msc.ms.users.MscMsUsersApplication for test class com.msc.ms.users.user.UserControllerTest
06:07:23.694 INFO  o.testcontainers.images.PullPolicy  - Image pull policy will be performed by: DefaultPullPolicy()
06:07:23.695 INFO  o.t.utility.ImageNameSubstitutor  - Image name substitution will be performed by: DefaultImageNameSubstitutor (composite of 'ConfigurationFileImageNameSubstitutor' and 'PrefixingImageNameSubstitutor')
06:07:23.846 INFO  o.t.d.DockerClientProviderStrategy  - Loaded org.testcontainers.dockerclient.NpipeSocketClientProviderStrategy from ~/.testcontainers.properties, will try it first
06:07:23.985 INFO  o.t.d.DockerClientProviderStrategy  - Found Docker environment with local Npipe socket (npipe:////./pipe/docker_engine)
06:07:23.986 INFO  o.testcontainers.DockerClientFactory  - Docker host IP address is localhost
06:07:24.001 INFO  o.testcontainers.DockerClientFactory  - Connected to docker: 
  Server Version: 27.2.0
  API Version: 1.47
  Operating System: Docker Desktop
  Total Memory: 31701 MB
06:07:24.001 INFO  o.t.utility.RyukResourceReaper  - Ryuk started - will monitor and terminate Testcontainers containers on JVM exit
06:07:24.001 INFO  o.testcontainers.DockerClientFactory  - Checking the system...
06:07:24.001 INFO  o.testcontainers.DockerClientFactory  - ✔︎ Docker server version should be at least 1.6.0
06:07:24.033 INFO  tc.testcontainers/ryuk:0.7.0  - Creating container for image: testcontainers/ryuk:0.7.0
06:07:24.194 INFO  tc.testcontainers/ryuk:0.7.0  - Container testcontainers/ryuk:0.7.0 is starting: 26fad495d15825d1a0e0762e8288d2d7d2d9365c17d87fadc0f18a929c4cdf68
06:07:24.541 INFO  tc.testcontainers/ryuk:0.7.0  - Container testcontainers/ryuk:0.7.0 started in PT0.5078741S
06:07:24.544 INFO  o.t.containers.ComposeDelegate  - Preemptively checking local images for 'prom/prometheus:latest', referenced via a compose file or transitive Dockerfile. If not available, it will be pulled.
06:07:24.544 INFO  o.t.containers.ComposeDelegate  - Preemptively checking local images for 'minio/minio:latest', referenced via a compose file or transitive Dockerfile. If not available, it will be pulled.
06:07:24.544 INFO  o.t.containers.ComposeDelegate  - Preemptively checking local images for 'vifa951002/msc-registry-server:latest', referenced via a compose file or transitive Dockerfile. If not available, it will be pulled.
06:07:24.544 INFO  o.t.containers.ComposeDelegate  - Preemptively checking local images for 'vifa951002/msc-api-gateway:latest', referenced via a compose file or transitive Dockerfile. If not available, it will be pulled.
06:07:24.544 INFO  o.t.containers.ComposeDelegate  - Preemptively checking local images for 'vifa951002/msc_dev_database:latest', referenced via a compose file or transitive Dockerfile. If not available, it will be pulled.
06:07:24.544 INFO  o.t.containers.ComposeDelegate  - Preemptively checking local images for 'grafana/grafana:latest', referenced via a compose file or transitive Dockerfile. If not available, it will be pulled.
06:07:24.544 INFO  o.t.containers.ComposeDelegate  - Preemptively checking local images for 'vifa951002/msc-ms-file:latest', referenced via a compose file or transitive Dockerfile. If not available, it will be pulled.
06:07:24.545 INFO  o.t.containers.ComposeDelegate  - Preemptively checking local images for 'grafana/loki:2.9.0', referenced via a compose file or transitive Dockerfile. If not available, it will be pulled.
06:07:24.545 INFO  o.t.containers.ComposeDelegate  - Preemptively checking local images for 'rabbitmq:4-management', referenced via a compose file or transitive Dockerfile. If not available, it will be pulled.
06:07:24.549 INFO  tc.docker/compose:1.29.2  - Creating container for image: docker/compose:1.29.2
06:07:25.335 INFO  tc.docker/compose:1.29.2  - Container docker/compose:1.29.2 is starting: a4cff2d5c91145dac8bd12877107ebe36276a1c0c9b88336114f0c4f91171fc4
06:07:29.191 INFO  tc.docker/compose:1.29.2  - Container docker/compose:1.29.2 started in PT4.6417232S
06:07:29.193 INFO  tc.docker/compose:1.29.2  - Docker Compose container is running for command: up -d
06:07:29.198 INFO  tc.docker/compose:1.29.2  - STDERR: Creating network "vg2mrkjdzw1p_default" with the default driver
06:07:29.198 INFO  tc.docker/compose:1.29.2  - STDERR: Creating volume "vg2mrkjdzw1p_minio_data" with default driver
06:07:29.198 INFO  tc.docker/compose:1.29.2  - STDERR: Creating volume "vg2mrkjdzw1p_grafana_data" with default driver
06:07:29.198 INFO  tc.docker/compose:1.29.2  - STDERR: Creating vg2mrkjdzw1p_prometheus_1 ... 
06:07:29.198 INFO  tc.docker/compose:1.29.2  - STDERR: Creating vg2mrkjdzw1p_minio_1      ... 
06:07:29.198 INFO  tc.docker/compose:1.29.2  - STDERR: Creating vg2mrkjdzw1p_rabbitmq_1   ... 
06:07:29.198 INFO  tc.docker/compose:1.29.2  - STDERR: Creating vg2mrkjdzw1p_db_1         ... 
06:07:29.198 INFO  tc.docker/compose:1.29.2  - STDERR: Creating vg2mrkjdzw1p_msc-registry-server_1 ... 
06:07:29.199 INFO  tc.docker/compose:1.29.2  - STDERR: Creating vg2mrkjdzw1p_grafana_1             ... 
06:07:29.199 INFO  tc.docker/compose:1.29.2  - Docker Compose has finished running
06:07:29.199 INFO  tc.docker/compose:1.29.2  - STDERR: Creating vg2mrkjdzw1p_rabbitmq_1            ... done
06:07:29.199 INFO  tc.docker/compose:1.29.2  - STDERR: Creating vg2mrkjdzw1p_msc-registry-server_1 ... done
06:07:29.199 INFO  tc.docker/compose:1.29.2  - STDERR: Creating vg2mrkjdzw1p_minio_1               ... done
06:07:29.199 INFO  tc.docker/compose:1.29.2  - STDERR: Creating vg2mrkjdzw1p_msc-ms-file_1         ... 
06:07:29.199 INFO  tc.docker/compose:1.29.2  - STDERR: Creating vg2mrkjdzw1p_msc-api-gateway_1     ... 
06:07:29.199 INFO  tc.docker/compose:1.29.2  - STDERR: Creating vg2mrkjdzw1p_grafana_1             ... done
06:07:29.199 INFO  tc.docker/compose:1.29.2  - STDERR: Creating vg2mrkjdzw1p_loki_1                ... 
06:07:29.199 INFO  tc.docker/compose:1.29.2  - STDERR: Creating vg2mrkjdzw1p_prometheus_1          ... done
06:07:29.199 INFO  tc.docker/compose:1.29.2  - STDERR: Creating vg2mrkjdzw1p_db_1                  ... done
06:07:29.199 INFO  tc.docker/compose:1.29.2  - STDERR: Creating vg2mrkjdzw1p_msc-api-gateway_1     ... done
06:07:29.199 INFO  tc.docker/compose:1.29.2  - STDERR: Creating vg2mrkjdzw1p_msc-ms-file_1         ... done
06:07:29.199 INFO  tc.docker/compose:1.29.2  - STDERR: Creating vg2mrkjdzw1p_loki_1                ... done
06:07:29.205 INFO  tc.alpine/socat:1.7.4.3-r0  - Creating container for image: alpine/socat:1.7.4.3-r0
06:07:29.362 INFO  tc.alpine/socat:1.7.4.3-r0  - Container alpine/socat:1.7.4.3-r0 is starting: 0c5bf10e8f7fa465727ef9f367a69d62c9462d2197bee6a1031081901df32121
06:07:29.962 INFO  tc.alpine/socat:1.7.4.3-r0  - Container alpine/socat:1.7.4.3-r0 started in PT0.7560528S
06:07:35.364 INFO  o.t.c.wait.strategy.HttpWaitStrategy  - /vg2mrkjdzw1p_rabbitmq_1: Waiting for 60 seconds for URL: http://localhost:49967/ (where port 49967 maps to container port 15672)

  .   ____          _            __ _ _
 /\\ / ___'_ __ _ _(_)_ __  __ _ \ \ \ \
( ( )\___ | '_ | '_| | '_ \/ _` | \ \ \ \
 \\/  ___)| |_)| | | | | || (_| |  ) ) ) )
  '  |____| .__|_| |_|_| |_\__, | / / / /
 =========|_|==============|___/=/_/_/_/

 :: Spring Boot ::                (v3.3.3)

06:07:39.851 INFO  base.BaseTestConfiguration  - @Configuration -> mySQL connection : mysqlHost: localhost, port: 49965,username: root, password: admin jdbcUrl: jdbc:mysql://localhost:49965/msc_development
06:07:39.851 INFO  base.BaseTestConfiguration  - @configuration -> rabbit connection mySqlHost: localhost mySqlPort: 49966, username: VIFA-951002, password:VIFA-951002-PASS .
06:07:39.851 INFO  base.BaseTestConfiguration  - @configuration -> loki connnection lokiUrl :http://localhost:49968/loki/api/v1/push
06:07:39.853 INFO  c.m.ms.users.user.UserControllerTest  - Starting UserControllerTest using Java 22.0.1 with PID 37648 (started by alan_ in D:\Proyectos\MCS\back\msc-ms-users)
06:07:39.853 INFO  c.m.ms.users.user.UserControllerTest  - No active profile set, falling back to 1 default profile: "default"
06:07:40.009 INFO  o.s.d.r.c.RepositoryConfigurationDelegate  - Bootstrapping Spring Data JPA repositories in DEFAULT mode.
06:07:40.021 INFO  o.s.d.r.c.RepositoryConfigurationDelegate  - Finished Spring Data repository scanning in 11 ms. Found 4 JPA repository interfaces.
06:07:40.062 INFO  o.s.cloud.context.scope.GenericScope  - BeanFactory id=15a412fe-45a0-3cd7-a433-411a075ad40f
06:07:40.122 INFO  o.h.jpa.internal.util.LogHelper  - HHH000204: Processing PersistenceUnitInfo [name: default]
06:07:40.123 INFO  o.h.c.i.RegionFactoryInitiator  - HHH000026: Second-level cache disabled
06:07:40.127 INFO  o.s.o.j.p.SpringPersistenceUnitInfo  - No LoadTimeWeaver setup: ignoring JPA class transformer
06:07:40.128 INFO  com.zaxxer.hikari.HikariDataSource  - HikariPool-2 - Starting...
06:07:40.241 INFO  com.zaxxer.hikari.pool.HikariPool  - HikariPool-2 - Added connection com.mysql.cj.jdbc.ConnectionImpl@7343da7c
06:07:40.241 INFO  com.zaxxer.hikari.HikariDataSource  - HikariPool-2 - Start completed.
06:07:40.247 WARN  org.hibernate.orm.deprecation  - HHH90000025: MySQL8Dialect does not need to be specified explicitly using 'hibernate.dialect' (remove the property setting and it will be selected by default)
06:07:40.247 WARN  org.hibernate.orm.deprecation  - HHH90000026: MySQL8Dialect has been deprecated; use org.hibernate.dialect.MySQLDialect instead
06:07:40.309 INFO  o.h.e.t.j.p.i.JtaPlatformInitiator  - HHH000489: No JTA platform available (set 'hibernate.transaction.jta.platform' to enable JTA platform integration)
06:07:40.310 INFO  o.s.o.j.LocalContainerEntityManagerFactoryBean  - Initialized JPA EntityManagerFactory for persistence unit 'default'
06:07:40.393 INFO  o.s.a.r.c.CachingConnectionFactory  - Attempting to connect to: [localhost:49966]
06:07:40.407 INFO  o.s.a.r.c.CachingConnectionFactory  - Created new connection: rabbitConnectionFactory#385865dd:0/SimpleConnection@15cf9d44 [delegate=amqp://VIFA-951002@127.0.0.1:49966/, localPort=49987]
06:07:40.484 INFO  c.m.m.u.c.QueueConfiguration  - The queue q.msc.users is empty, creating
06:07:40.492 INFO  c.m.m.u.c.QueueConfiguration  - Queue q.msc.users created
06:07:40.554 INFO  c.m.m.u.c.QueueConfiguration  - The queue q.msc.tests is empty, creating
06:07:40.559 INFO  c.m.m.u.c.QueueConfiguration  - Queue q.msc.tests created
06:07:40.563 INFO  c.m.m.u.c.VersionConfiguration  - Running Manage System College Users Micro Service Running Version: 0.0.1-Beta
06:07:40.602 WARN  o.s.b.a.o.j.JpaBaseConfiguration$JpaWebConfiguration  - spring.jpa.open-in-view is enabled by default. Therefore, database queries may be performed during view rendering. Explicitly configure spring.jpa.open-in-view to disable this warning
06:07:40.670 INFO  c.m.m.u.c.ModelMapperConfiguration  - creating ModelMapper
06:07:40.700 INFO  o.s.b.f.a.AutowiredAnnotationBeanPostProcessor  - Autowired annotation is not supported on static fields: private static java.lang.String com.msc.ms.users.user.services.UserService.KEY
06:07:40.750 INFO  o.s.s.c.a.a.c.InitializeUserDetailsBeanManagerConfigurer$InitializeUserDetailsManagerConfigurer  - Global AuthenticationManager configured with UserDetailsService bean with name inMemoryUserDetailsManager
06:07:40.880 INFO  o.s.b.a.e.web.EndpointLinksResolver  - Exposing 17 endpoints beneath base path '/actuator'
06:07:41.069 INFO  o.s.b.t.m.w.SpringBootMockServletContext  - Initializing Spring TestDispatcherServlet ''
06:07:41.069 INFO  o.s.t.w.s.TestDispatcherServlet  - Initializing Servlet ''
06:07:41.070 INFO  o.s.t.w.s.TestDispatcherServlet  - Completed initialization in 1 ms
06:07:41.087 INFO  o.s.c.n.e.c.DiscoveryClientOptionalArgsConfiguration  - Eureka HTTP Client uses RestTemplate.
06:07:41.108 INFO  o.s.c.n.eureka.InstanceInfoFactory  - Setting initial instance status as: STARTING
06:07:41.110 INFO  c.netflix.discovery.DiscoveryClient  - Initializing Eureka in region us-east-1
06:07:41.110 INFO  c.n.d.s.r.aws.ConfigClusterResolver  - Resolving eureka endpoints via configuration
06:07:41.111 INFO  c.netflix.discovery.DiscoveryClient  - Disable delta property : false
06:07:41.111 INFO  c.netflix.discovery.DiscoveryClient  - Single vip registry refresh property : null
06:07:41.111 INFO  c.netflix.discovery.DiscoveryClient  - Force full registry fetch : false
06:07:41.111 INFO  c.netflix.discovery.DiscoveryClient  - Application is null : false
06:07:41.111 INFO  c.netflix.discovery.DiscoveryClient  - Registered Applications size is zero : true
06:07:41.111 INFO  c.netflix.discovery.DiscoveryClient  - Application version is -1: true
06:07:41.111 INFO  c.netflix.discovery.DiscoveryClient  - Getting all instance registry info from the eureka server
06:07:41.127 INFO  c.netflix.discovery.DiscoveryClient  - The response status is 200
06:07:41.128 INFO  c.netflix.discovery.DiscoveryClient  - Starting heartbeat executor: renew interval is: 30
06:07:41.128 INFO  c.n.discovery.InstanceInfoReplicator  - InstanceInfoReplicator onDemand update allowed rate per min is 4
06:07:41.128 INFO  c.netflix.discovery.DiscoveryClient  - Discovery Client initialized at timestamp 1730290061128 with initial instances count: 7
06:07:41.131 INFO  o.s.c.n.e.s.EurekaServiceRegistry  - Registering application MSC-MS-USERS with eureka with status UP
06:07:41.131 INFO  c.netflix.discovery.DiscoveryClient  - Saw local status change event StatusChangeEvent [timestamp=1730290061131, current=UP, previous=STARTING]
06:07:41.131 INFO  c.netflix.discovery.DiscoveryClient  - DiscoveryClient_MSC-MS-USERS/VILLAFAN:msc-ms-users:8182: registering service...
06:07:41.138 INFO  c.netflix.discovery.DiscoveryClient  - DiscoveryClient_MSC-MS-USERS/VILLAFAN:msc-ms-users:8182 - registration status: 204
06:07:41.143 INFO  c.m.ms.users.user.UserControllerTest  - Started UserControllerTest in 1.407 seconds (process running for 24.765)
Hibernate: select ue1_0.id_user,ue1_0.active,ue1_0.address,ue1_0.age,ue1_0.birth_date,ue1_0.date_create,ue1_0.date_delete,ue1_0.date_update,ue1_0.email,ue1_0.last_name,ue1_0.middle_name,ue1_0.name,ue1_0.phone_number,ue1_0.profile,ue1_0.user_name from tuser ue1_0 where ue1_0.phone_number=? and ue1_0.active=?
Hibernate: {call search_username(?,?)}
06:07:41.365 INFO  c.m.m.u.u.v.u.e.UniqueEmailValidator  - validating email: email000000@email.com
Hibernate: select ue1_0.id_user,ue1_0.active,ue1_0.address,ue1_0.age,ue1_0.birth_date,ue1_0.date_create,ue1_0.date_delete,ue1_0.date_update,ue1_0.email,ue1_0.last_name,ue1_0.middle_name,ue1_0.name,ue1_0.phone_number,ue1_0.profile,ue1_0.user_name from tuser ue1_0 where ue1_0.email=? and ue1_0.active=?
]]></system-out>
  </testcase>
  <testcase name="testRegistryUser" classname="com.msc.ms.users.user.UserControllerTest" time="0.125">
    <system-out><![CDATA[Hibernate: select ue1_0.id_user,ue1_0.active,ue1_0.address,ue1_0.age,ue1_0.birth_date,ue1_0.date_create,ue1_0.date_delete,ue1_0.date_update,ue1_0.email,ue1_0.last_name,ue1_0.middle_name,ue1_0.name,ue1_0.phone_number,ue1_0.profile,ue1_0.user_name from tuser ue1_0 where ue1_0.phone_number=? and ue1_0.active=?
Hibernate: {call search_username(?,?)}
06:07:41.430 INFO  c.m.m.u.u.v.u.e.UniqueEmailValidator  - validating email: email@email.com
Hibernate: select ue1_0.id_user,ue1_0.active,ue1_0.address,ue1_0.age,ue1_0.birth_date,ue1_0.date_create,ue1_0.date_delete,ue1_0.date_update,ue1_0.email,ue1_0.last_name,ue1_0.middle_name,ue1_0.name,ue1_0.phone_number,ue1_0.profile,ue1_0.user_name from tuser ue1_0 where ue1_0.email=? and ue1_0.active=?
Hibernate: insert into tuser (active,address,age,birth_date,date_create,date_delete,date_update,email,last_name,middle_name,name,phone_number,profile,user_name) values (?,?,?,?,?,?,?,?,?,?,?,?,?,?)
]]></system-out>
  </testcase>
  <testcase name="testFaillValidations" classname="com.msc.ms.users.user.UserControllerTest" time="0.056">
    <system-out><![CDATA[Hibernate: select ue1_0.id_user,ue1_0.active,ue1_0.address,ue1_0.age,ue1_0.birth_date,ue1_0.date_create,ue1_0.date_delete,ue1_0.date_update,ue1_0.email,ue1_0.last_name,ue1_0.middle_name,ue1_0.name,ue1_0.phone_number,ue1_0.profile,ue1_0.user_name from tuser ue1_0 where ue1_0.phone_number=? and ue1_0.active=?
Hibernate: select pe1_0.id_profile,pe1_0.active,pe1_0.date_create,pe1_0.date_delete,pe1_0.date_update,pe1_0.key_profile,pe1_0.name from tprofile pe1_0 where pe1_0.id_profile=?
Hibernate: {call search_username(?,?)}
06:07:41.541 INFO  c.m.m.u.u.v.u.e.UniqueEmailValidator  - validating email: existingUsername@mail.com
Hibernate: select ue1_0.id_user,ue1_0.active,ue1_0.address,ue1_0.age,ue1_0.birth_date,ue1_0.date_create,ue1_0.date_delete,ue1_0.date_update,ue1_0.email,ue1_0.last_name,ue1_0.middle_name,ue1_0.name,ue1_0.phone_number,ue1_0.profile,ue1_0.user_name from tuser ue1_0 where ue1_0.email=? and ue1_0.active=?
Hibernate: select pe1_0.id_profile,pe1_0.active,pe1_0.date_create,pe1_0.date_delete,pe1_0.date_update,pe1_0.key_profile,pe1_0.name from tprofile pe1_0 where pe1_0.id_profile=?
]]></system-out>
  </testcase>
</testsuite>