<?xml version="1.0" encoding="UTF-8"?>
<testsuite xmlns:xsi="http://www.w3.org/2001/XMLSchema-instance" xsi:noNamespaceSchemaLocation="https://maven.apache.org/surefire/maven-surefire-plugin/xsd/surefire-test-report-3.0.xsd" version="3.0" name="com.msc.ms.users.MscMsUsersApplicationTests" time="6.893" tests="1" errors="0" skipped="0" failures="0">
  <properties>
[...]
</properties>
  <testcase name="contextLoads" classname="com.msc.ms.users.MscMsUsersApplicationTests" time="0.222">
    <system-out><![CDATA[
  .   ____          _            __ _ _
 /\\ / ___'_ __ _ _(_)_ __  __ _ \ \ \ \
( ( )\___ | '_ | '_| | '_ \/ _` | \ \ \ \
 \\/  ___)| |_)| | | | | || (_| |  ) ) ) )
  '  |____| .__|_| |_|_| |_\__, | / / / /
 =========|_|==============|___/=/_/_/_/

06:07:17.416 INFO  o.h.validator.internal.util.Version  - HV000001: Hibernate Validator 8.0.1.Final
 :: Spring Boot ::                (v3.3.3)

06:07:17.487 INFO  c.m.m.u.MscMsUsersApplicationTests  - Starting MscMsUsersApplicationTests using Java 22.0.1 with PID 37648 (started by alan_ in D:\Proyectos\MCS\back\msc-ms-users)
06:07:17.488 INFO  c.m.m.u.MscMsUsersApplicationTests  - No active profile set, falling back to 1 default profile: "default"
06:07:18.360 INFO  o.s.d.r.c.RepositoryConfigurationDelegate  - Bootstrapping Spring Data JPA repositories in DEFAULT mode.
06:07:18.410 INFO  o.s.d.r.c.RepositoryConfigurationDelegate  - Finished Spring Data repository scanning in 42 ms. Found 4 JPA repository interfaces.
06:07:18.653 INFO  o.s.cloud.context.scope.GenericScope  - BeanFactory id=29e5e645-34c0-38e6-9fb9-0d69a9d8e30e
06:07:19.228 INFO  o.h.jpa.internal.util.LogHelper  - HHH000204: Processing PersistenceUnitInfo [name: default]
06:07:19.282 INFO  org.hibernate.Version  - HHH000412: Hibernate ORM core version 6.5.2.Final
06:07:19.309 INFO  o.h.c.i.RegionFactoryInitiator  - HHH000026: Second-level cache disabled
06:07:19.452 INFO  o.s.o.j.p.SpringPersistenceUnitInfo  - No LoadTimeWeaver setup: ignoring JPA class transformer
06:07:19.465 INFO  com.zaxxer.hikari.HikariDataSource  - HikariPool-1 - Starting...
06:07:19.620 INFO  com.zaxxer.hikari.pool.HikariPool  - HikariPool-1 - Added connection com.mysql.cj.jdbc.ConnectionImpl@4902c584
06:07:19.621 INFO  com.zaxxer.hikari.HikariDataSource  - HikariPool-1 - Start completed.
06:07:19.645 WARN  org.hibernate.orm.deprecation  - HHH90000025: MySQL8Dialect does not need to be specified explicitly using 'hibernate.dialect' (remove the property setting and it will be selected by default)
06:07:19.646 WARN  org.hibernate.orm.deprecation  - HHH90000026: MySQL8Dialect has been deprecated; use org.hibernate.dialect.MySQLDialect instead
06:07:20.235 INFO  o.h.e.t.j.p.i.JtaPlatformInitiator  - HHH000489: No JTA platform available (set 'hibernate.transaction.jta.platform' to enable JTA platform integration)
06:07:20.237 INFO  o.s.o.j.LocalContainerEntityManagerFactoryBean  - Initialized JPA EntityManagerFactory for persistence unit 'default'
06:07:21.017 INFO  o.s.a.r.c.CachingConnectionFactory  - Attempting to connect to: [localhost:5672]
06:07:21.100 INFO  o.s.a.r.c.CachingConnectionFactory  - Created new connection: rabbitConnectionFactory#3f1eb1bc:0/SimpleConnection@56a0dd11 [delegate=amqp://VIFA@127.0.0.1:5672/, localPort=49948]
06:07:21.337 INFO  c.m.m.u.c.QueueConfiguration  - Queue q.msc.users already exists
06:07:21.338 INFO  c.m.m.u.c.QueueConfiguration  - Queue q.msc.tests already exists
06:07:21.343 INFO  c.m.m.u.c.VersionConfiguration  - Running Manage System College Users Micro Service Running Version: 0.0.1-Beta
06:07:21.497 WARN  o.s.b.a.o.j.JpaBaseConfiguration$JpaWebConfiguration  - spring.jpa.open-in-view is enabled by default. Therefore, database queries may be performed during view rendering. Explicitly configure spring.jpa.open-in-view to disable this warning
06:07:21.679 INFO  c.m.m.u.c.ModelMapperConfiguration  - creating ModelMapper
06:07:21.725 INFO  o.s.b.f.a.AutowiredAnnotationBeanPostProcessor  - Autowired annotation is not supported on static fields: private static java.lang.String com.msc.ms.users.user.services.UserService.KEY
06:07:21.952 INFO  o.s.s.c.a.a.c.InitializeUserDetailsBeanManagerConfigurer$InitializeUserDetailsManagerConfigurer  - Global AuthenticationManager configured with UserDetailsService bean with name inMemoryUserDetailsManager
06:07:22.621 INFO  o.s.b.a.e.web.EndpointLinksResolver  - Exposing 17 endpoints beneath base path '/actuator'
06:07:23.107 INFO  o.s.c.n.e.c.DiscoveryClientOptionalArgsConfiguration  - Eureka HTTP Client uses RestTemplate.
06:07:23.169 INFO  o.s.c.n.eureka.InstanceInfoFactory  - Setting initial instance status as: STARTING
06:07:23.182 INFO  c.netflix.discovery.DiscoveryClient  - Initializing Eureka in region us-east-1
06:07:23.184 INFO  c.n.d.s.r.aws.ConfigClusterResolver  - Resolving eureka endpoints via configuration
06:07:23.189 INFO  c.netflix.discovery.DiscoveryClient  - Disable delta property : false
06:07:23.189 INFO  c.netflix.discovery.DiscoveryClient  - Single vip registry refresh property : null
06:07:23.189 INFO  c.netflix.discovery.DiscoveryClient  - Force full registry fetch : false
06:07:23.189 INFO  c.netflix.discovery.DiscoveryClient  - Application is null : false
06:07:23.189 INFO  c.netflix.discovery.DiscoveryClient  - Registered Applications size is zero : true
06:07:23.189 INFO  c.netflix.discovery.DiscoveryClient  - Application version is -1: true
06:07:23.189 INFO  c.netflix.discovery.DiscoveryClient  - Getting all instance registry info from the eureka server
06:07:23.335 INFO  c.netflix.discovery.DiscoveryClient  - The response status is 200
06:07:23.337 INFO  c.netflix.discovery.DiscoveryClient  - Starting heartbeat executor: renew interval is: 30
06:07:23.338 INFO  c.n.discovery.InstanceInfoReplicator  - InstanceInfoReplicator onDemand update allowed rate per min is 4
06:07:23.339 INFO  c.netflix.discovery.DiscoveryClient  - Discovery Client initialized at timestamp 1730290043338 with initial instances count: 6
06:07:23.345 INFO  o.s.c.n.e.s.EurekaServiceRegistry  - Registering application MSC-MS-USERS with eureka with status UP
06:07:23.345 INFO  c.netflix.discovery.DiscoveryClient  - Saw local status change event StatusChangeEvent [timestamp=1730290043345, current=UP, previous=STARTING]
06:07:23.346 INFO  c.netflix.discovery.DiscoveryClient  - DiscoveryClient_MSC-MS-USERS/VILLAFAN:msc-ms-users:8182: registering service...
06:07:23.370 INFO  c.m.m.u.MscMsUsersApplicationTests  - Started MscMsUsersApplicationTests in 6.12 seconds (process running for 6.991)
06:07:23.373 INFO  c.netflix.discovery.DiscoveryClient  - DiscoveryClient_MSC-MS-USERS/VILLAFAN:msc-ms-users:8182 - registration status: 204
]]></system-out>
    <system-err><![CDATA[Failed to instantiate [ch.qos.logback.classic.LoggerContext]
Reported exception:
ch.qos.logback.core.LogbackException: Failed to initialize or to run Configurator: ch.qos.logback.classic.util.DefaultJoranConfigurator
	at ch.qos.logback.classic.util.ContextInitializer.invokeConfigure(ContextInitializer.java:133)
	at ch.qos.logback.classic.util.ContextInitializer.autoConfig(ContextInitializer.java:103)
	at ch.qos.logback.classic.util.ContextInitializer.autoConfig(ContextInitializer.java:66)
	at ch.qos.logback.classic.spi.LogbackServiceProvider.initializeLoggerContext(LogbackServiceProvider.java:52)
	at ch.qos.logback.classic.spi.LogbackServiceProvider.initialize(LogbackServiceProvider.java:41)
	at org.slf4j.LoggerFactory.bind(LoggerFactory.java:199)
	at org.slf4j.LoggerFactory.performInitialization(LoggerFactory.java:186)
	at org.slf4j.LoggerFactory.getProvider(LoggerFactory.java:496)
	at org.slf4j.LoggerFactory.getILoggerFactory(LoggerFactory.java:482)
	at org.slf4j.LoggerFactory.getLogger(LoggerFactory.java:431)
	at org.apache.commons.logging.LogAdapter$Slf4jAdapter.createLocationAwareLog(LogAdapter.java:121)
	at org.apache.commons.logging.LogAdapter.createLog(LogAdapter.java:95)
	at org.apache.commons.logging.LogFactory.getLog(LogFactory.java:67)
	at org.apache.commons.logging.LogFactory.getLog(LogFactory.java:59)
	at org.springframework.test.context.TestContextManager.<clinit>(TestContextManager.java:93)
	at org.junit.platform.engine.support.store.NamespacedHierarchicalStore.lambda$getOrComputeIfAbsent$5(NamespacedHierarchicalStore.java:147)
	at org.junit.platform.engine.support.store.NamespacedHierarchicalStore$MemoizingSupplier.computeValue(NamespacedHierarchicalStore.java:372)
	at org.junit.platform.engine.support.store.NamespacedHierarchicalStore$MemoizingSupplier.get(NamespacedHierarchicalStore.java:361)
	at org.junit.platform.engine.support.store.NamespacedHierarchicalStore$StoredValue.evaluate(NamespacedHierarchicalStore.java:308)
	at org.junit.platform.engine.support.store.NamespacedHierarchicalStore$StoredValue.access$200(NamespacedHierarchicalStore.java:287)
	at org.junit.platform.engine.support.store.NamespacedHierarchicalStore.getOrComputeIfAbsent(NamespacedHierarchicalStore.java:149)
	at org.junit.platform.engine.support.store.NamespacedHierarchicalStore.getOrComputeIfAbsent(NamespacedHierarchicalStore.java:168)
	at org.junit.jupiter.engine.execution.NamespaceAwareStore.lambda$getOrComputeIfAbsent$3(NamespaceAwareStore.java:66)
	at org.junit.jupiter.engine.execution.NamespaceAwareStore.accessStore(NamespaceAwareStore.java:90)
	at org.junit.jupiter.engine.execution.NamespaceAwareStore.getOrComputeIfAbsent(NamespaceAwareStore.java:65)
	at org.springframework.test.context.junit.jupiter.SpringExtension.getTestContextManager(SpringExtension.java:366)
	at org.springframework.test.context.junit.jupiter.SpringExtension.beforeAll(SpringExtension.java:131)
	at org.junit.jupiter.engine.descriptor.ClassBasedTestDescriptor.lambda$invokeBeforeAllCallbacks$12(ClassBasedTestDescriptor.java:396)
	at org.junit.platform.engine.support.hierarchical.ThrowableCollector.execute(ThrowableCollector.java:73)
	at org.junit.jupiter.engine.descriptor.ClassBasedTestDescriptor.invokeBeforeAllCallbacks(ClassBasedTestDescriptor.java:396)
	at org.junit.jupiter.engine.descriptor.ClassBasedTestDescriptor.before(ClassBasedTestDescriptor.java:212)
	at org.junit.jupiter.engine.descriptor.ClassBasedTestDescriptor.before(ClassBasedTestDescriptor.java:85)
	at org.junit.platform.engine.support.hierarchical.NodeTestTask.lambda$executeRecursively$6(NodeTestTask.java:148)
	at org.junit.platform.engine.support.hierarchical.ThrowableCollector.execute(ThrowableCollector.java:73)
	at org.junit.platform.engine.support.hierarchical.NodeTestTask.lambda$executeRecursively$8(NodeTestTask.java:141)
	at org.junit.platform.engine.support.hierarchical.Node.around(Node.java:137)
	at org.junit.platform.engine.support.hierarchical.NodeTestTask.lambda$executeRecursively$9(NodeTestTask.java:139)
	at org.junit.platform.engine.support.hierarchical.ThrowableCollector.execute(ThrowableCollector.java:73)
	at org.junit.platform.engine.support.hierarchical.NodeTestTask.executeRecursively(NodeTestTask.java:138)
	at org.junit.platform.engine.support.hierarchical.NodeTestTask.execute(NodeTestTask.java:95)
	at java.base/java.util.ArrayList.forEach(ArrayList.java:1597)
	at org.junit.platform.engine.support.hierarchical.SameThreadHierarchicalTestExecutorService.invokeAll(SameThreadHierarchicalTestExecutorService.java:41)
	at org.junit.platform.engine.support.hierarchical.NodeTestTask.lambda$executeRecursively$6(NodeTestTask.java:155)
	at org.junit.platform.engine.support.hierarchical.ThrowableCollector.execute(ThrowableCollector.java:73)
	at org.junit.platform.engine.support.hierarchical.NodeTestTask.lambda$executeRecursively$8(NodeTestTask.java:141)
	at org.junit.platform.engine.support.hierarchical.Node.around(Node.java:137)
	at org.junit.platform.engine.support.hierarchical.NodeTestTask.lambda$executeRecursively$9(NodeTestTask.java:139)
	at org.junit.platform.engine.support.hierarchical.ThrowableCollector.execute(ThrowableCollector.java:73)
	at org.junit.platform.engine.support.hierarchical.NodeTestTask.executeRecursively(NodeTestTask.java:138)
	at org.junit.platform.engine.support.hierarchical.NodeTestTask.execute(NodeTestTask.java:95)
	at org.junit.platform.engine.support.hierarchical.SameThreadHierarchicalTestExecutorService.submit(SameThreadHierarchicalTestExecutorService.java:35)
	at org.junit.platform.engine.support.hierarchical.HierarchicalTestExecutor.execute(HierarchicalTestExecutor.java:57)
	at org.junit.platform.engine.support.hierarchical.HierarchicalTestEngine.execute(HierarchicalTestEngine.java:54)
	at org.junit.platform.launcher.core.EngineExecutionOrchestrator.execute(EngineExecutionOrchestrator.java:198)
	at org.junit.platform.launcher.core.EngineExecutionOrchestrator.execute(EngineExecutionOrchestrator.java:169)
	at org.junit.platform.launcher.core.EngineExecutionOrchestrator.execute(EngineExecutionOrchestrator.java:93)
	at org.junit.platform.launcher.core.EngineExecutionOrchestrator.lambda$execute$0(EngineExecutionOrchestrator.java:58)
	at org.junit.platform.launcher.core.EngineExecutionOrchestrator.withInterceptedStreams(EngineExecutionOrchestrator.java:141)
	at org.junit.platform.launcher.core.EngineExecutionOrchestrator.execute(EngineExecutionOrchestrator.java:57)
	at org.junit.platform.launcher.core.DefaultLauncher.execute(DefaultLauncher.java:103)
	at org.junit.platform.launcher.core.DefaultLauncher.execute(DefaultLauncher.java:85)
	at org.junit.platform.launcher.core.DelegatingLauncher.execute(DelegatingLauncher.java:47)
	at org.apache.maven.surefire.junitplatform.LazyLauncher.execute(LazyLauncher.java:56)
	at org.apache.maven.surefire.junitplatform.JUnitPlatformProvider.execute(JUnitPlatformProvider.java:184)
	at org.apache.maven.surefire.junitplatform.JUnitPlatformProvider.invokeAllTests(JUnitPlatformProvider.java:148)
	at org.apache.maven.surefire.junitplatform.JUnitPlatformProvider.invoke(JUnitPlatformProvider.java:122)
	at org.apache.maven.surefire.booter.ForkedBooter.runSuitesInProcess(ForkedBooter.java:385)
	at org.apache.maven.surefire.booter.ForkedBooter.execute(ForkedBooter.java:162)
	at org.apache.maven.surefire.booter.ForkedBooter.run(ForkedBooter.java:507)
	at org.apache.maven.surefire.booter.ForkedBooter.main(ForkedBooter.java:495)
Caused by: java.lang.IllegalArgumentException: URI with undefined scheme
	at java.net.http/jdk.internal.net.http.common.Utils.newIAE(Utils.java:378)
	at java.net.http/jdk.internal.net.http.HttpRequestBuilderImpl.checkURI(HttpRequestBuilderImpl.java:79)
	at java.net.http/jdk.internal.net.http.HttpRequestBuilderImpl.uri(HttpRequestBuilderImpl.java:71)
	at java.net.http/jdk.internal.net.http.HttpRequestBuilderImpl.uri(HttpRequestBuilderImpl.java:43)
	at com.github.loki4j.client.http.JavaHttpClient.<init>(JavaHttpClient.java:50)
	at com.github.loki4j.client.pipeline.PipelineConfig.lambda$static$2(PipelineConfig.java:31)
	at com.github.loki4j.client.pipeline.AsyncBufferPipeline.<init>(AsyncBufferPipeline.java:114)
	at com.github.loki4j.logback.Loki4jAppender.start(Loki4jAppender.java:172)
	at ch.qos.logback.core.model.processor.AppenderModelHandler.postHandle(AppenderModelHandler.java:84)
	at ch.qos.logback.core.model.processor.DefaultProcessor.secondPhaseTraverse(DefaultProcessor.java:257)
	at ch.qos.logback.core.model.processor.DefaultProcessor.secondPhaseTraverse(DefaultProcessor.java:253)
	at ch.qos.logback.core.model.processor.DefaultProcessor.traversalLoop(DefaultProcessor.java:90)
	at ch.qos.logback.core.model.processor.DefaultProcessor.process(DefaultProcessor.java:106)
	at ch.qos.logback.core.joran.GenericXMLConfigurator.processModel(GenericXMLConfigurator.java:222)
	at ch.qos.logback.core.joran.GenericXMLConfigurator.doConfigure(GenericXMLConfigurator.java:178)
	at ch.qos.logback.core.joran.GenericXMLConfigurator.doConfigure(GenericXMLConfigurator.java:123)
	at ch.qos.logback.core.joran.GenericXMLConfigurator.doConfigure(GenericXMLConfigurator.java:66)
	at ch.qos.logback.classic.util.DefaultJoranConfigurator.configureByResource(DefaultJoranConfigurator.java:68)
	at ch.qos.logback.classic.util.DefaultJoranConfigurator.configure(DefaultJoranConfigurator.java:35)
	at ch.qos.logback.classic.util.ContextInitializer.invokeConfigure(ContextInitializer.java:128)
	... 69 more
06:07:17,105 |-WARN in Logger[org.springframework.test.context.support.AnnotationConfigContextLoaderUtils] - No appenders present in context [default] for logger [org.springframework.test.context.support.AnnotationConfigContextLoaderUtils].
WARNING: A Java agent has been loaded dynamically (C:\Users\alan_\.m2\repository\net\bytebuddy\byte-buddy-agent\1.14.19\byte-buddy-agent-1.14.19.jar)
WARNING: If a serviceability tool is in use, please run with -XX:+EnableDynamicAgentLoading to hide this warning
WARNING: If a serviceability tool is not in use, please run with -Djdk.instrument.traceUsage for more information
WARNING: Dynamic loading of agents will be disallowed by default in a future release
]]></system-err>
  </testcase>
</testsuite>